Arguments: 
  /usr/bin/node /usr/share/yarn/bin/yarn.js

PATH: 
  /usr/local/sbin:/usr/local/bin:/usr/sbin:/usr/bin:/sbin:/bin:/usr/games:/usr/local/games:/mnt/c/Windows/System32:/mnt/c/Windows:/mnt/c/Windows/System32/wbem:/mnt/c/Windows/System32/WindowsPowerShell/v1.0:/mnt/c/Windows/System32/OpenSSH:/mnt/c/Program Files/Microsoft SQL Server/Client SDK/ODBC/130/Tools/Binn:/mnt/c/Program Files (x86)/Microsoft SQL Server/140/Tools/Binn:/mnt/c/Program Files/Microsoft SQL Server/140/Tools/Binn:/mnt/c/Program Files/Microsoft SQL Server/140/DTS/Binn:/mnt/c/Program Files (x86)/Microsoft SQL Server/Client SDK/ODBC/130/Tools/Binn:/mnt/c/Program Files (x86)/Microsoft SQL Server/140/DTS/Binn:/mnt/c/Program Files (x86)/Microsoft SQL Server/140/Tools/Binn/ManagementStudio:/mnt/c/Program Files/dotnet:/mnt/c/Program Files/Microsoft SQL Server/130/Tools/Binn:/mnt/c/Users/mweglarz/AppData/Roaming/npm/expo-cli:/mnt/c/Program Files/nodejs:/mnt/c/Users/mweglarz/AppData/Local/Programs/Python/Python37-32/Scripts:/mnt/c/Users/mweglarz/AppData/Local/Programs/Python/Python37-32:/mnt/c/Users/mweglarz/AppData/Local/Microsoft/WindowsApps:/mnt/c/Users/mweglarz/AppData/Local/Programs/Microsoft VS Code/bin:/mnt/c/Program Files/heroku/bin:/mnt/c/Users/mweglarz/AppData/Roaming/npm:/mnt/c/Users/mweglarz/AppData/Local/Android/Sdk/platform-tools:/snap/bin

Yarn version: 
  1.13.0

Node version: 
  8.10.0

Platform: 
  linux x64

Trace: 
  Error: https://registry.yarnpkg.com/rxjs/-/rxjs-6.4.0.tgz: ESOCKETTIMEDOUT
      at ClientRequest.<anonymous> (/usr/share/yarn/lib/cli.js:130024:19)
      at Object.onceWrapper (events.js:313:30)
      at emitNone (events.js:106:13)
      at ClientRequest.emit (events.js:208:7)
      at TLSSocket.emitTimeout (_http_client.js:711:34)
      at Object.onceWrapper (events.js:313:30)
      at emitNone (events.js:106:13)
      at TLSSocket.emit (events.js:208:7)
      at TLSSocket.Socket._onTimeout (net.js:420:8)
      at ontimeout (timers.js:482:11)

npm manifest: 
  {
    "name": "react-shopping-cart",
    "version": "0.1.0",
    "private": true,
    "dependencies": {
      "bootstrap": "^4.1.3",
      "react": "^16.6.3",
      "react-dom": "^16.6.3",
      "react-redux": "^6.0.0",
      "react-router-dom": "^4.3.1",
      "react-scripts": "2.1.1",
      "reactstrap": "^6.5.0",
      "redux": "^4.0.1",
      "redux-thunk": "^2.3.0"
    },
    "scripts": {
      "start": "react-scripts start",
      "build": "react-scripts build",
      "test": "react-scripts test",
      "eject": "react-scripts eject"
    },
    "eslintConfig": {
      "extends": "react-app"
    },
    "browserslist": [
      ">0.2%",
      "not dead",
      "not ie <= 11",
      "not op_mini all"
    ]
  }

yarn manifest: 
  No manifest

Lockfile: 
  No lockfile
